"../../../Engine/Content/EditorBlueprintResources/StandardMacros.uasset" 0
"C:/Users/itrue/Documents/Unreal Projects/Tutorial2/Content/Blueprints/FinalController.uasset" 1
"C:/Users/itrue/Documents/Unreal Projects/Tutorial2/Content/Blueprints/FPSController.uasset" 2
"C:/Users/itrue/Documents/Unreal Projects/Tutorial2/Content/Blueprints/FinalController2.uasset" 3
"C:/Users/itrue/Documents/Unreal Projects/Tutorial2/Content/FirstPerson/Textures/FirstPersonCrosshair.uasset" 4
"C:/Users/itrue/Documents/Unreal Projects/Tutorial2/Content/FirstPersonBP/Blueprints/FirstPersonHUD.uasset" 5
"C:/Users/itrue/Documents/Unreal Projects/Tutorial2/Content/Blueprints/FPSGameMode.uasset" 6
"C:/Users/itrue/Documents/Unreal Projects/Tutorial2/Content/Blueprints/MainMenu.uasset" 7
"C:/Users/itrue/Documents/Unreal Projects/Tutorial2/Content/Blueprints/WallRunController.uasset" 8
"../../../Engine/Content/Animation/DefaultAnimCurveCompressionSettings.uasset" 9
"../../../Engine/Content/Functions/Engine_MaterialFunctions01/Opacity/CameraDepthFade.uasset" 10
"../../../Engine/Content/EngineMaterials/T_Default_Material_Grid_M.uasset" 11
"../../../Engine/Content/EngineMaterials/T_Default_Material_Grid_N.uasset" 12
"../../../Engine/Content/EngineMaterials/WorldGridMaterial.uasset" 13
"../../../Engine/Content/ArtTools/RenderToTexture/Meshes/S_1_Unit_Plane.uasset" 14
"../../../Engine/Content/EngineMaterials/DefaultMaterial.uasset" 15
"../../../Engine/Content/BasicShapes/Cone.uasset" 16
"../../../Engine/Content/BasicShapes/Plane.uasset" 17
"../../../Engine/Content/BasicShapes/Sphere.uasset" 18
"../../../Engine/Content/EditorLandscapeResources/DataLayer.uasset" 19
"../../../Engine/Content/EditorMaterials/GizmoMaterial.uasset" 20
"../../../Engine/Content/EditorMaterials/MAT_Groups_Toggle.uasset" 21
"../../../Engine/Content/EditorMaterials/MAT_Groups_Visibility.uasset" 22
"../../../Engine/Content/EditorMaterials/PreviewShadowIndicator.uasset" 23
"../../../Engine/Content/EditorMaterials/PreviewShadowIndicatorMaterial.uasset" 24
"../../../Engine/Content/EditorMaterials/MatineeGroups/MAT_ColorTrack.uasset" 25
"../../../Engine/Content/EditorMaterials/MatineeGroups/MAT_Groups_Anim.uasset" 26
"../../../Engine/Content/EditorMaterials/MatineeGroups/MAT_Groups_AudioMaster.uasset" 27
"../../../Engine/Content/EditorMaterials/MatineeGroups/MAT_Groups_Director.uasset" 28
"../../../Engine/Content/EditorMaterials/MatineeGroups/MAT_Groups_Event.uasset" 29
"../../../Engine/Content/EditorMaterials/MatineeGroups/MAT_Groups_Fade.uasset" 30
"../../../Engine/Content/EditorMaterials/MatineeGroups/MAT_Groups_Float.uasset" 31
"../../../Engine/Content/EditorMaterials/MatineeGroups/MAT_Groups_Move.uasset" 32
"../../../Engine/Content/EditorMaterials/MatineeGroups/MAT_Groups_Slomo.uasset" 33
"../../../Engine/Content/EditorMaterials/MatineeGroups/MAT_Groups_Sound.uasset" 34
"../../../Engine/Content/EditorMaterials/MatineeGroups/MAT_Groups_Vector.uasset" 35
"../../../Engine/Content/EditorMaterials/ParticleSystems/PSysThumbnail_NoImage.uasset" 36
"../../../Engine/Content/EditorMaterials/ParticleSystems/PSysThumbnail_OOD.uasset" 37
"../../../Engine/Content/EditorMaterials/Camera/CineMat.uasset" 38
"../../../Engine/Content/EditorMaterials/Camera/MI_CineMat_Rig.uasset" 39
"../../../Engine/Content/EditorMeshes/Camera/SM_CraneRig_Arm.uasset" 40
"../../../Engine/Content/EditorMeshes/Camera/SM_CraneRig_Base.uasset" 41
"../../../Engine/Content/EditorMeshes/Camera/SM_CraneRig_Body.uasset" 42
"../../../Engine/Content/EditorMeshes/Camera/SM_CraneRig_Mount.uasset" 43
"../../../Engine/Content/EditorMeshes/Camera/SM_RailRig_Mount.uasset" 44
"../../../Engine/Content/EditorMeshes/Camera/SM_RailRig_Track.uasset" 45
"../../../Engine/Content/EditorResources/BSPVertex.uasset" 46
"../../../Engine/Content/EditorResources/EmptyActor.uasset" 47
"../../../Engine/Content/EditorResources/S_Actor.uasset" 48
"../../../Engine/Content/EditorResources/S_Note.uasset" 49
"../../../Engine/Content/EditorResources/S_Trigger.uasset" 50
"../../../Engine/Content/EditorResources/LightIcons/S_LightError.uasset" 51
"../../../Engine/Content/EditorResources/SequenceRecorder/Countdown.uasset" 52
"../../../Engine/Content/EditorResources/SequenceRecorder/RecordingIndicator.uasset" 53
"../../../Engine/Content/EditorSounds/Notifications/CompileFailed.uasset" 54
"../../../Engine/Content/EditorSounds/Notifications/CompileFailed_Cue.uasset" 55
"../../../Engine/Content/EditorSounds/Notifications/CompileSuccess.uasset" 56
"../../../Engine/Content/EditorSounds/Notifications/CompileStart_Cue.uasset" 57
"../../../Engine/Content/EditorSounds/Notifications/CompileSuccess_Cue.uasset" 58
"../../../Engine/Content/EngineDamageTypes/DmgTypeBP_Environmental.uasset" 59
"../../../Engine/Content/EngineDebugMaterials/HeatmapGradient.uasset" 60
"../../../Engine/Content/EngineDebugMaterials/BoneWeightMaterial.uasset" 61
"../../../Engine/Content/EngineDebugMaterials/ClothMaterial.uasset" 62
"../../../Engine/Content/EngineDebugMaterials/ClothMaterial_WF.uasset" 63
"../../../Engine/Content/EngineDebugMaterials/DebugEditorMaterial.uasset" 64
"../../../Engine/Content/EngineDebugMaterials/DebugMeshMaterial.uasset" 65
"../../../Engine/Content/EngineDebugMaterials/GeomMaterial.uasset" 66
"../../../Engine/Content/EngineDebugMaterials/M_SimpleTranslucent.uasset" 67
"../../../Engine/Content/EngineFonts/Faces/RobotoBold.uasset" 68
"../../../Engine/Content/EngineFonts/Faces/RobotoBoldItalic.uasset" 69
"../../../Engine/Content/EngineFonts/Faces/RobotoItalic.uasset" 70
"../../../Engine/Content/EngineFonts/Faces/RobotoLight.uasset" 71
"../../../Engine/Content/EngineFonts/Faces/RobotoRegular.uasset" 72
"../../../Engine/Content/EngineFonts/Roboto.uasset" 73
"../../../Engine/Content/EngineFonts/Faces/RobotoTiny.uasset" 74
"../../../Engine/Content/EngineFonts/RobotoTiny.uasset" 75
"../../../Engine/Content/EngineMaterials/BaseFlattenDiffuseMap.uasset" 76
"../../../Engine/Content/EngineMaterials/BaseFlattenEmissiveMap.uasset" 77
"../../../Engine/Content/EngineMaterials/BaseFlattenGrayscaleMap.uasset" 78
"../../../Engine/Content/EngineMaterials/BaseFlattenNormalMap.uasset" 79
"../../../Engine/Content/EngineMaterials/BaseFlattenMaterial.uasset" 80
"../../../Engine/Content/EngineMaterials/DefaultBloomKernel.uasset" 81
"../../../Engine/Content/EngineMaterials/DefaultBokeh.uasset" 82
"../../../Engine/Content/EngineMaterials/DefaultDiffuse.uasset" 83
"../../../Engine/Content/EngineMaterials/DefaultDeferredDecalMaterial.uasset" 84
"../../../Engine/Content/EngineMaterials/DefaultLightFunctionMaterial.uasset" 85
"../../../Engine/Content/EngineMaterials/DefaultPhysicalMaterial.uasset" 86
"../../../Engine/Content/Functions/Engine_MaterialFunctions02/Utility/BreakOutFloat2Components.uasset" 87
"../../../Engine/Content/EngineMaterials/DefaultPostProcessMaterial.uasset" 88
"../../../Engine/Content/EngineFonts/RobotoDistanceField.uasset" 89
"../../../Engine/Content/EngineMaterials/DefaultTextMaterialOpaque.uasset" 90
"../../../Engine/Content/EngineMaterials/DefaultWhiteGrid.uasset" 91
"../../../Engine/Content/EngineMaterials/EditorBrushMaterial.uasset" 92
"../../../Engine/Content/EngineMaterials/Good64x64TilingNoiseHighFreq.uasset" 93
"../../../Engine/Content/EngineMaterials/MiniFont.uasset" 94
"../../../Engine/Content/EngineMaterials/InvalidLightmapSettings.uasset" 95
"../../../Engine/Content/EngineMaterials/M_InvalidLightmapSettings.uasset" 96
"../../../Engine/Content/Functions/Engine_MaterialFunctions02/WorldPositionOffset/CameraOffset.uasset" 97
"../../../Engine/Content/EngineMaterials/PhAT_JointLimitMaterial.uasset" 98
"../../../Engine/Content/EngineMaterials/PreintegratedSkinBRDF.uasset" 99
"../../../Engine/Content/EngineMaterials/RemoveSurfaceMaterial.uasset" 100
"../../../Engine/Content/EngineMaterials/WeightMapPlaceholderTexture.uasset" 101
"../../../Engine/Content/EngineResources/WhiteSquareTexture.uasset" 102
"../../../Engine/Content/EngineMaterials/Widget3DPassThrough.uasset" 103
"../../../Engine/Content/EngineMaterials/Widget3DPassThrough_Masked.uasset" 104
"../../../Engine/Content/EngineMaterials/Widget3DPassThrough_Opaque.uasset" 105
"../../../Engine/Content/EngineMaterials/Widget3DPassThrough_Masked_OneSided.uasset" 106
"../../../Engine/Content/EngineMaterials/Widget3DPassThrough_Opaque_OneSided.uasset" 107
"../../../Engine/Content/EngineMaterials/Widget3DPassThrough_Translucent.uasset" 108
"../../../Engine/Content/EngineMaterials/Widget3DPassThrough_Translucent_OneSided.uasset" 109
"../../../Engine/Content/EngineMeshes/Cylinder.uasset" 110
"../../../Engine/Content/EngineMeshes/Sphere.uasset" 111
"../../../Engine/Content/EngineResources/Black.uasset" 112
"../../../Engine/Content/EngineResources/DefaultTexture.uasset" 113
"../../../Engine/Content/EngineResources/DefaultTextureCube.uasset" 114
"../../../Engine/Content/EngineResources/DefaultVolumeTexture2D.uasset" 115
"../../../Engine/Content/EngineResources/DefaultVolumeTexture.uasset" 116
"../../../Engine/Content/EngineResources/GradientTexture0.uasset" 117
"../../../Engine/Content/EngineSounds/Master.uasset" 118
"../../../Engine/Content/Functions/Engine_MaterialFunctions01/Shading/ConvertFromDiffSpec.uasset" 119
"../../../Engine/Content/Functions/Engine_MaterialFunctions01/Shading/PowerToRoughness.uasset" 120
"../../../Engine/Content/Maps/Templates/Thumbnails/Default.uasset" 121
"../../../Engine/Content/Maps/Templates/Thumbnails/VR-Basic.uasset" 122
"../../../Engine/Content/MobileResources/T_MobileControls_texture.uasset" 123
"../../../Engine/Content/MobileResources/T_MobileMenu2.uasset" 124
"../../../Engine/Content/MobileResources/HUD/AnalogHat.uasset" 125
"../../../Engine/Content/MobileResources/HUD/VirtualJoystick_Background.uasset" 126
"../../../Engine/Content/MobileResources/HUD/VirtualJoystick_Thumb.uasset" 127
"../../../Engine/Content/MobileResources/HUD/DefaultVirtualJoysticks.uasset" 128
"../../../Engine/Content/MobileResources/HUD/LeftVirtualJoystickOnly.uasset" 129
"../../../Engine/Content/MobileResources/HUD/MobileHUDButton1_off.uasset" 130
"../../../Engine/Content/MobileResources/HUD/MobileHUDButton1_on.uasset" 131
"../../../Engine/Content/MobileResources/HUD/MobileHUDButton2_off.uasset" 132
"../../../Engine/Content/MobileResources/HUD/MobileHUDButton2_on.uasset" 133
"../../../Engine/Content/MobileResources/HUD/MobileHUDButton3.uasset" 134
"../../../Engine/Content/MobileResources/HUD/MobileHUDButtonFire.uasset" 135
"../../../Engine/Content/MobileResources/HUD/MobileHUDDirectionPad.uasset" 136
"../../../Engine/Content/MobileResources/HUD/MobileHUDDirectionPad2.uasset" 137
"../../../Engine/Content/MobileResources/HUD/MobileHUDDirectionPad3.uasset" 138
"../../../Engine/Content/MobileResources/HUD/MobileHUDDirectionStick.uasset" 139
"../../../Engine/Content/MobileResources/HUD/T_Castle_ThumbstickInner.uasset" 140
"../../../Engine/Content/MobileResources/HUD/T_Castle_ThumbstickOutter.uasset" 141
"../../../Engine/Content/Tutorial/ContentIntroCurve.uasset" 142
"../../../Engine/Content/Tutorial/Basics/LevelEditorAttract.uasset" 143
"../../../Engine/Content/Tutorial/BlueprintTutorials/TutorialAssets/Blueprint_64x.uasset" 144
"../../../Engine/Content/Tutorial/BlueprintTutorials/BlueprintEditorTutorial.uasset" 145
"../../../Engine/Content/VREditor/LaserPointer/VR_LaserPower_01.uasset" 146
"../../../Engine/Content/VREditor/TransformGizmo/TransformGizmoMaterial.uasset" 147
"../../../Engine/Content/VREditor/TransformGizmo/TranslucentTransformGizmoMaterial.uasset" 148
"../../../Engine/Content/VREditor/TransformGizmo/BoundingBoxCorner.uasset" 149
"../../../Engine/Content/VREditor/TransformGizmo/BoundingBoxEdge.uasset" 150
"../../../Engine/Content/VREditor/TransformGizmo/PlaneTranslationHandle.uasset" 151
"../../../Engine/Content/VREditor/TransformGizmo/Main.uasset" 152
"../../../Engine/Content/VREditor/TransformGizmo/Xray.uasset" 153
"../../../Engine/Content/VREditor/TransformGizmo/SM_Sequencer_Key.uasset" 154
"../../../Engine/Content/VREditor/TransformGizmo/SM_Sequencer_Node.uasset" 155
"../../Plugins/2D/Paper2D/Content/PlaceholderTextures/DummySpriteTexture.uasset" 156
"../../Plugins/2D/Paper2D/Content/DummySprite.uasset" 157
"../../Plugins/2D/Paper2D/Content/DefaultPaperTerrainMaterial.uasset" 158
"../../Plugins/2D/Paper2D/Content/DummySpriteTexture.uasset" 159
"../../Plugins/2D/Paper2D/Content/DefaultSpriteMaterial.uasset" 160
"../../Plugins/2D/Paper2D/Content/MaskedUnlitSpriteMaterial.uasset" 161
"../../Plugins/2D/Paper2D/Content/OpaqueUnlitSpriteMaterial.uasset" 162
"../../Plugins/Runtime/Oculus/OculusVR/Content/OculusMR_RenderTarget.uasset" 163
"../../../Engine/Content/Functions/Engine_MaterialFunctions02/Utility/BreakOutFloat4Components.uasset" 164
"../../../Engine/Content/Functions/Engine_MaterialFunctions02/Utility/MakeFloat2.uasset" 165
"../../../Engine/Content/Functions/Engine_MaterialFunctions02/Utility/MakeFloat3.uasset" 166
"../../Plugins/Runtime/Oculus/OculusVR/Content/Materials/OculusMR_ChromaKey.uasset" 167
"../../Plugins/Runtime/Oculus/OculusVR/Content/Materials/OculusMR_ChromaKey_Lit.uasset" 168
"../../Plugins/Runtime/Oculus/OculusVR/Content/Materials/OculusMR_OpaqueColoredMaterial.uasset" 169
"../../Plugins/Runtime/Oculus/OculusVR/Content/Materials/OculusMR_WhiteMaterial.uasset" 170
"../../Plugins/Runtime/Oculus/OculusVR/Content/Materials/PokeAHoleMaterial.uasset" 171
"../../Plugins/Runtime/Oculus/OculusVR/Content/Textures/GearVRController_AO.uasset" 172
"../../Plugins/Runtime/Oculus/OculusVR/Content/Textures/GearVRController_Color.uasset" 173
"../../Plugins/Runtime/Oculus/OculusVR/Content/Textures/GearVRController_Normal.uasset" 174
"../../Plugins/Runtime/Oculus/OculusVR/Content/Materials/GearVRControllerMaterial.uasset" 175
"../../Plugins/Runtime/Oculus/OculusVR/Content/Meshes/GearVrController.uasset" 176
"../../Plugins/Runtime/Oculus/OculusVR/Content/Textures/touchController_albedo.uasset" 177
"../../Plugins/Runtime/Oculus/OculusVR/Content/Textures/touchController_controlmap.uasset" 178
"../../Plugins/Runtime/Oculus/OculusVR/Content/Materials/touchController_mat.uasset" 179
"../../Plugins/Runtime/Oculus/OculusVR/Content/Meshes/LeftTouchController.uasset" 180
"../../Plugins/Runtime/Oculus/OculusVR/Content/Meshes/RiftHMD.uasset" 181
"../../Plugins/Runtime/Oculus/OculusVR/Content/Meshes/RightTouchController.uasset" 182
"../../../Engine/Content/EngineSky/C_Sky_Cloud_Color.uasset" 183
"../../../Engine/Content/EngineSky/C_Sky_Horizon_Color.uasset" 184
"../../../Engine/Content/EngineSky/C_Sky_Zenith_Color.uasset" 185
"../../../Engine/Content/EngineSky/T_Sky_Blue.uasset" 186
"../../../Engine/Content/EngineSky/T_Sky_Clouds_M.uasset" 187
"../../../Engine/Content/EngineSky/T_Sky_Stars.uasset" 188
"../../../Engine/Content/EngineSky/M_Sky_Panning_Clouds2.uasset" 189
"../../../Engine/Content/EngineSky/SM_SkySphere.uasset" 190
"../../../Engine/Content/EngineSky/BP_Sky_Sphere.uasset" 191
"C:/Users/itrue/Documents/Unreal Projects/Tutorial2/Content/Maps/FinalMap_BuiltData.uasset" 192
"../../../Engine/Content/BasicShapes/BasicShapeMaterial.uasset" 193
"C:/Users/itrue/Documents/Unreal Projects/Tutorial2/Content/NewMaterial.uasset" 194
"C:/Users/itrue/Documents/Unreal Projects/Tutorial2/Content/Red.uasset" 195
"../../../Engine/Content/BasicShapes/Cube.uasset" 196
"../../../Engine/Content/BasicShapes/Cylinder.uasset" 197
"C:/Users/itrue/Documents/Unreal Projects/Tutorial2/Content/SoulCity/Environment/Textures/Building/T_Soul_bridge_D.uasset" 198
"C:/Users/itrue/Documents/Unreal Projects/Tutorial2/Content/SoulCity/Environment/Textures/Building/T_Soul_bridge_N.uasset" 199
"C:/Users/itrue/Documents/Unreal Projects/Tutorial2/Content/SoulCity/Environment/Materials/Building/M_Soul_Bridge.uasset" 200
"C:/Users/itrue/Documents/Unreal Projects/Tutorial2/Content/SoulCity/Environment/Textures/Building/T_Soul_BuildingSet_D.uasset" 201
"C:/Users/itrue/Documents/Unreal Projects/Tutorial2/Content/SoulCity/Environment/Textures/Building/T_Soul_BuildingSet_N.uasset" 202
"C:/Users/itrue/Documents/Unreal Projects/Tutorial2/Content/SoulCity/Environment/Textures/Building/T_Soul_LandingZoneSteps_D.uasset" 203
"C:/Users/itrue/Documents/Unreal Projects/Tutorial2/Content/SoulCity/Environment/Textures/Building/T_Soul_LandingZoneSteps_N.uasset" 204
"C:/Users/itrue/Documents/Unreal Projects/Tutorial2/Content/SoulCity/Environment/Materials/Building/M_Soul_Buildings.uasset" 205
"C:/Users/itrue/Documents/Unreal Projects/Tutorial2/Content/SoulCity/Environment/Meshes/Building/SM_LV_Soul_City_01.uasset" 206
"C:/Users/itrue/Documents/Unreal Projects/Tutorial2/Content/SoulCity/Environment/Textures/Building/T_LV_SoulDistanceBD_D.uasset" 207
"C:/Users/itrue/Documents/Unreal Projects/Tutorial2/Content/SoulCity/Environment/Materials/Building/M_LV_SoulDistanceBD001_M.uasset" 208
"C:/Users/itrue/Documents/Unreal Projects/Tutorial2/Content/SoulCity/Environment/Meshes/Building/SM_LV_Soul_City_Matte01.uasset" 209
"C:/Users/itrue/Documents/Unreal Projects/Tutorial2/Content/SoulCity/Environment/Textures/Building/T_LV_SoulDistanceBD02_D.uasset" 210
"C:/Users/itrue/Documents/Unreal Projects/Tutorial2/Content/SoulCity/Environment/Materials/Building/M_LV_SoulDistanceBD002_M.uasset" 211
"C:/Users/itrue/Documents/Unreal Projects/Tutorial2/Content/SoulCity/Environment/Meshes/Building/SM_LV_Soul_City_Matte04.uasset" 212
"C:/Users/itrue/Documents/Unreal Projects/Tutorial2/Content/SoulCity/Environment/Textures/Building/T_Soul_LandingZone_D.uasset" 213
"C:/Users/itrue/Documents/Unreal Projects/Tutorial2/Content/SoulCity/Environment/Textures/Building/T_Soul_LandingZone_N.uasset" 214
"C:/Users/itrue/Documents/Unreal Projects/Tutorial2/Content/SoulCity/Environment/Textures/Effects/T_Gradient_M.uasset" 215
"C:/Users/itrue/Documents/Unreal Projects/Tutorial2/Content/SoulCity/Environment/Materials/Building/M_Soul_LandingZone.uasset" 216
"C:/Users/itrue/Documents/Unreal Projects/Tutorial2/Content/SoulCity/Environment/Meshes/Building/SM_S_Soul_Bridge3.uasset" 217
"C:/Users/itrue/Documents/Unreal Projects/Tutorial2/Content/SoulCity/Environment/Meshes/Building/SM_S_Soul_Building7.uasset" 218
"C:/Users/itrue/Documents/Unreal Projects/Tutorial2/Content/SoulCity/Environment/Meshes/Building/SM_Soul_City_Plane.uasset" 219
"../../../Engine/Content/Functions/Engine_MaterialFunctions01/Gradient/LinearGradient.uasset" 220
"../../../Engine/Content/Functions/Engine_MaterialFunctions01/ImageAdjustment/CheapContrast.uasset" 221
"../../../Engine/Content/Functions/Engine_MaterialFunctions01/Texturing/FlattenNormal.uasset" 222
"../../../Engine/Content/Functions/Engine_MaterialFunctions02/SafeNormalize.uasset" 223
"../../../Engine/Content/Functions/Engine_MaterialFunctions02/Math/CreateThirdOrthogonalVector.uasset" 224
"../../../Engine/Content/Functions/Engine_MaterialFunctions02/Utility/BreakOutFloat3Components.uasset" 225
"../../../Engine/Content/Functions/Engine_MaterialFunctions02/Math/Transform3x3Matrix.uasset" 226
"../../../Engine/Content/Functions/Engine_MaterialFunctions02/Utility/BlendAngleCorrectedNormals.uasset" 227
"../../../Engine/Content/Functions/Engine_MaterialFunctions02/ExampleContent/Textures/SphereRenderNormalsMap.uasset" 228
"../../../Engine/Content/Functions/Engine_MaterialFunctions02/WorldAlignedNormals_HighQuality.uasset" 229
"C:/Users/itrue/Documents/Unreal Projects/Tutorial2/Content/SoulCity/Environment/Textures/Building_Slum/T_Slums_TilingNOise_M.uasset" 230
"C:/Users/itrue/Documents/Unreal Projects/Tutorial2/Content/SoulCity/Environment/Textures/Water/T_Environment_Materials_Wet_TilingFlow02_N.uasset" 231
"C:/Users/itrue/Documents/Unreal Projects/Tutorial2/Content/SoulCity/Environment/Materials/Functions/MF_GroundWetness.uasset" 232
"C:/Users/itrue/Documents/Unreal Projects/Tutorial2/Content/SoulCity/Environment/Materials/Functions/MF_Switch.uasset" 233
"../../../Engine/Content/EngineMaterials/DefaultNormal_Uncompressed.uasset" 234
"C:/Users/itrue/Documents/Unreal Projects/Tutorial2/Content/SoulCity/Environment/Materials/Functions/MF_WorldAlignedPanner.uasset" 235
"../../../Engine/Content/Functions/Engine_MaterialFunctions02/ExampleContent/Textures/water_d.uasset" 236
"C:/Users/itrue/Documents/Unreal Projects/Tutorial2/Content/SoulCity/Environment/Textures/Water/T_RainPuddleMask.uasset" 237
"C:/Users/itrue/Documents/Unreal Projects/Tutorial2/Content/SoulCity/Environment/Textures/Water/T_RainStreaming_N.uasset" 238
"C:/Users/itrue/Documents/Unreal Projects/Tutorial2/Content/SoulCity/Environment/Textures/Water/T_Soul_Water01_N.uasset" 239
"C:/Users/itrue/Documents/Unreal Projects/Tutorial2/Content/SoulCity/Environment/Materials/Functions/MF_WET_RunningWater.uasset" 240
"C:/Users/itrue/Documents/Unreal Projects/Tutorial2/Content/SoulCity/Environment/Textures/Building_Slum/T_Slums_Wall_D.uasset" 241
"C:/Users/itrue/Documents/Unreal Projects/Tutorial2/Content/SoulCity/Environment/Textures/Building_Slum/T_Slums_Wall_N.uasset" 242
"C:/Users/itrue/Documents/Unreal Projects/Tutorial2/Content/SoulCity/Environment/Materials/MaterialLayers/MF_Slums_Concrete.uasset" 243
"C:/Users/itrue/Documents/Unreal Projects/Tutorial2/Content/SoulCity/Environment/PhysicalMaterials/Stone.uasset" 244
"C:/Users/itrue/Documents/Unreal Projects/Tutorial2/Content/SoulCity/Environment/Materials/Building/M_Slums_Concrete.uasset" 245
"C:/Users/itrue/Documents/Unreal Projects/Tutorial2/Content/SoulCity/Environment/Materials/Building/MI_Slums_Concrete_Tiles.uasset" 246
"C:/Users/itrue/Documents/Unreal Projects/Tutorial2/Content/SoulCity/Environment/Meshes/Building/SM_stairs_W1_H3_00.uasset" 247
"C:/Users/itrue/Documents/Unreal Projects/Tutorial2/Content/SoulCity/Environment/Textures/Building/T_LODShantyTown02_M.uasset" 248
"C:/Users/itrue/Documents/Unreal Projects/Tutorial2/Content/SoulCity/Environment/Textures/Building/T_LODShantyTown_D.uasset" 249
"C:/Users/itrue/Documents/Unreal Projects/Tutorial2/Content/SoulCity/Environment/Textures/Building/T_LODShantyTown_M.uasset" 250
"C:/Users/itrue/Documents/Unreal Projects/Tutorial2/Content/SoulCity/Environment/Textures/Building/T_LODShantyTown_N.uasset" 251
"C:/Users/itrue/Documents/Unreal Projects/Tutorial2/Content/SoulCity/Environment/Materials/Building/M_LODShantyTown.uasset" 252
"C:/Users/itrue/Documents/Unreal Projects/Tutorial2/Content/SoulCity/Environment/Materials/Building/MI_LODShantyTown.uasset" 253
"C:/Users/itrue/Documents/Unreal Projects/Tutorial2/Content/SoulCity/Environment/Meshes/Building_Slum/SM_ShantyLODFar1.uasset" 254
"C:/Users/itrue/Documents/Unreal Projects/Tutorial2/Content/SoulCity/Environment/Meshes/Building_Slum/SM_ShantyLODFar2.uasset" 255
"C:/Users/itrue/Documents/Unreal Projects/Tutorial2/Content/SoulCity/Environment/Meshes/Building_Slum/SM_ShantyLODFar3.uasset" 256
"C:/Users/itrue/Documents/Unreal Projects/Tutorial2/Content/SoulCity/Environment/Meshes/Building_Slum/SM_ShantyLODFar4.uasset" 257
"C:/Users/itrue/Documents/Unreal Projects/Tutorial2/Content/SoulCity/Environment/Meshes/Building_Slum/SM_ShantyLODFar5.uasset" 258
"C:/Users/itrue/Documents/Unreal Projects/Tutorial2/Content/SoulCity/Environment/Meshes/Building_Slum/SM_ShantyLODFarGroup.uasset" 259
"C:/Users/itrue/Documents/Unreal Projects/Tutorial2/Content/SoulCity/Environment/PhysicalMaterials/WoodLadder.uasset" 260
"C:/Users/itrue/Documents/Unreal Projects/Tutorial2/Content/SoulCity/Environment/Textures/Building_Slum/T_Slums_Wood_D.uasset" 261
"C:/Users/itrue/Documents/Unreal Projects/Tutorial2/Content/SoulCity/Environment/Textures/Building_Slum/T_Slums_Wood_N.uasset" 262
"C:/Users/itrue/Documents/Unreal Projects/Tutorial2/Content/SoulCity/Environment/Materials/Building/M_Slums_Wood.uasset" 263
"C:/Users/itrue/Documents/Unreal Projects/Tutorial2/Content/SoulCity/Environment/Materials/Props/M_Wires02.uasset" 264
"../../../Engine/Content/Functions/MaterialLayerFunctions/MatLayerBlend_BakedNormal.uasset" 265
"../../../Engine/Content/Functions/MaterialLayerFunctions/MatLayerBlend_ModulateRoughness.uasset" 266
"../../../Engine/Content/Functions/MaterialLayerFunctions/MatLayerBlend_Standard.uasset" 267
"C:/Users/itrue/Documents/Unreal Projects/Tutorial2/Content/SoulCity/Environment/Textures/Building_Slum/T_Patina_Metal_D.uasset" 268
"C:/Users/itrue/Documents/Unreal Projects/Tutorial2/Content/SoulCity/Environment/Textures/Building_Slum/T_Slums_TilingMetal_n.uasset" 269
"C:/Users/itrue/Documents/Unreal Projects/Tutorial2/Content/SoulCity/Environment/Materials/MaterialLayers/MF_Slums_Metal.uasset" 270
"C:/Users/itrue/Documents/Unreal Projects/Tutorial2/Content/SoulCity/Environment/Textures/Building_Slum/T_Slums_Metal_Scratches_02_D.uasset" 271
"C:/Users/itrue/Documents/Unreal Projects/Tutorial2/Content/SoulCity/Environment/Textures/Building_Slum/T_Slums_Metal_Scratches_02_N.uasset" 272
"C:/Users/itrue/Documents/Unreal Projects/Tutorial2/Content/SoulCity/Environment/Textures/Building_Slum/T_Slums_TilingMetal_D.uasset" 273
"C:/Users/itrue/Documents/Unreal Projects/Tutorial2/Content/SoulCity/Environment/Materials/MaterialLayers/MF_Slums_Paint.uasset" 274
"C:/Users/itrue/Documents/Unreal Projects/Tutorial2/Content/SoulCity/Environment/Textures/Building_Slum/T_Slums_Metal_Rust_03_D.uasset" 275
"C:/Users/itrue/Documents/Unreal Projects/Tutorial2/Content/SoulCity/Environment/Textures/Building_Slum/T_Slums_Metal_Rust_03_N.uasset" 276
"C:/Users/itrue/Documents/Unreal Projects/Tutorial2/Content/SoulCity/Environment/Materials/MaterialLayers/MF_Slums_Rusted.uasset" 277
"C:/Users/itrue/Documents/Unreal Projects/Tutorial2/Content/SoulCity/Environment/Textures/Building_Slum/T_Slums_MetalTexture_M.uasset" 278
"C:/Users/itrue/Documents/Unreal Projects/Tutorial2/Content/SoulCity/Environment/Textures/Building_Slum/T_Slums_MetalTexture_N.uasset" 279
"C:/Users/itrue/Documents/Unreal Projects/Tutorial2/Content/SoulCity/Environment/Materials/Building/M_Slums_Metalwork.uasset" 280
"C:/Users/itrue/Documents/Unreal Projects/Tutorial2/Content/SoulCity/Environment/Materials/Building/MI_Slums_Metalwork.uasset" 281
"C:/Users/itrue/Documents/Unreal Projects/Tutorial2/Content/SoulCity/Environment/Textures/Building_Slum/T_Slums_TinRoof_D.uasset" 282
"C:/Users/itrue/Documents/Unreal Projects/Tutorial2/Content/SoulCity/Environment/Textures/Building_Slum/T_Slums_TinRoof_N.uasset" 283
"C:/Users/itrue/Documents/Unreal Projects/Tutorial2/Content/SoulCity/Environment/Materials/Building/M_Slums_Tin.uasset" 284
"C:/Users/itrue/Documents/Unreal Projects/Tutorial2/Content/SoulCity/Environment/Materials/Building/MI_Slums_Tin.uasset" 285
"C:/Users/itrue/Documents/Unreal Projects/Tutorial2/Content/SoulCity/Environment/Textures/Building_Slum/T_Slums_Window_D.uasset" 286
"C:/Users/itrue/Documents/Unreal Projects/Tutorial2/Content/SoulCity/Environment/Textures/Building_Slum/T_Slums_Window_M.uasset" 287
"C:/Users/itrue/Documents/Unreal Projects/Tutorial2/Content/SoulCity/Environment/Textures/Building_Slum/T_Slums_Window_N.uasset" 288
"C:/Users/itrue/Documents/Unreal Projects/Tutorial2/Content/SoulCity/Environment/Materials/Building/M_Slums_Window2.uasset" 289
"C:/Users/itrue/Documents/Unreal Projects/Tutorial2/Content/SoulCity/Environment/Materials/Building/MI_Slums_Window2_NoLight.uasset" 290
"C:/Users/itrue/Documents/Unreal Projects/Tutorial2/Content/SoulCity/Environment/Meshes/Building_Slum/SM_Slums_Distance_01a.uasset" 291
"C:/Users/itrue/Documents/Unreal Projects/Tutorial2/Content/SoulCity/Environment/Meshes/Building_Slum/SM_Slums_Distance_01b.uasset" 292
"C:/Users/itrue/Documents/Unreal Projects/Tutorial2/Content/SoulCity/Environment/Meshes/Building_Slum/SM_Slums_Distance_02b.uasset" 293
"C:/Users/itrue/Documents/Unreal Projects/Tutorial2/Content/SoulCity/Environment/Meshes/Building_Slum/SM_Slums_Distance_02d.uasset" 294
"C:/Users/itrue/Documents/Unreal Projects/Tutorial2/Content/SoulCity/Environment/Meshes/Building_Slum/SM_Slums_Distance_02e_OP.uasset" 295
"C:/Users/itrue/Documents/Unreal Projects/Tutorial2/Content/SoulCity/Environment/Meshes/Building_Slum/SM_Slums_Distance_02f.uasset" 296
"C:/Users/itrue/Documents/Unreal Projects/Tutorial2/Content/SoulCity/Environment/Meshes/Building_Slum/SM_Slums_Distance_03a_OP.uasset" 297
"C:/Users/itrue/Documents/Unreal Projects/Tutorial2/Content/SoulCity/Environment/Meshes/Building_Slum/SM_Slums_Distance_05a_Opt.uasset" 298
"../../../Engine/Content/Functions/MaterialLayerFunctions/MatLayerBlend_Tint.uasset" 299
"C:/Users/itrue/Documents/Unreal Projects/Tutorial2/Content/SoulCity/Environment/Materials/Building/M_Slums_2.uasset" 300
"C:/Users/itrue/Documents/Unreal Projects/Tutorial2/Content/SoulCity/Environment/Textures/Building_Slum/T_Slums_Manhole_M.uasset" 301
"C:/Users/itrue/Documents/Unreal Projects/Tutorial2/Content/SoulCity/Environment/Textures/Building_Slum/T_Slums_Manhole_N.uasset" 302
"C:/Users/itrue/Documents/Unreal Projects/Tutorial2/Content/SoulCity/Environment/Materials/Building/MI_Slums_2.uasset" 303
"C:/Users/itrue/Documents/Unreal Projects/Tutorial2/Content/SoulCity/Environment/Meshes/Building_Slum/SM_Slums_Floor_01a.uasset" 304
"C:/Users/itrue/Documents/Unreal Projects/Tutorial2/Content/SoulCity/Environment/Meshes/Building_Slum/SM_Slums_Floor_01h.uasset" 305
"C:/Users/itrue/Documents/Unreal Projects/Tutorial2/Content/SoulCity/Environment/Materials/Building/M_Slums_Metalwork_MASKED.uasset" 306
"C:/Users/itrue/Documents/Unreal Projects/Tutorial2/Content/SoulCity/Environment/Materials/Building/MI_Slums_Metalwork_Masked.uasset" 307
"C:/Users/itrue/Documents/Unreal Projects/Tutorial2/Content/SoulCity/Environment/Meshes/Building_Slum/SM_Slums_Grating_01a.uasset" 308
"C:/Users/itrue/Documents/Unreal Projects/Tutorial2/Content/SoulCity/Environment/Materials/Building/MI_Slums_Metalwork_Shiny.uasset" 309
"C:/Users/itrue/Documents/Unreal Projects/Tutorial2/Content/SoulCity/Environment/Meshes/Building_Slum/SM_Slums_Light_01b_OP.uasset" 310
"C:/Users/itrue/Documents/Unreal Projects/Tutorial2/Content/SoulCity/Environment/Textures/Building_Slum/T_Slums_PipeTexture_01b_M.uasset" 311
"C:/Users/itrue/Documents/Unreal Projects/Tutorial2/Content/SoulCity/Environment/Textures/Building_Slum/T_Slums_PipeTexture_01b_N.uasset" 312
"C:/Users/itrue/Documents/Unreal Projects/Tutorial2/Content/SoulCity/Environment/Materials/Building/MI_Slums_2P.uasset" 313
"C:/Users/itrue/Documents/Unreal Projects/Tutorial2/Content/SoulCity/Environment/Meshes/Building_Slum/SM_Slums_Pipe_01a.uasset" 314
"C:/Users/itrue/Documents/Unreal Projects/Tutorial2/Content/SoulCity/Environment/Meshes/Building_Slum/SM_Slums_Pipe_01c.uasset" 315
"C:/Users/itrue/Documents/Unreal Projects/Tutorial2/Content/SoulCity/Environment/Meshes/Building_Slum/SM_Slums_Pipe_01e.uasset" 316
"C:/Users/itrue/Documents/Unreal Projects/Tutorial2/Content/SoulCity/Environment/Textures/Building_Slum/T_Slums_PipeTexture_01_M.uasset" 317
"C:/Users/itrue/Documents/Unreal Projects/Tutorial2/Content/SoulCity/Environment/Textures/Building_Slum/T_Slums_PipeTexture_01_N.uasset" 318
"C:/Users/itrue/Documents/Unreal Projects/Tutorial2/Content/SoulCity/Environment/Materials/Building/MI_Slums_Metalwork_Vent.uasset" 319
"C:/Users/itrue/Documents/Unreal Projects/Tutorial2/Content/SoulCity/Environment/Meshes/Building_Slum/SM_Slums_Pipe_02a.uasset" 320
"C:/Users/itrue/Documents/Unreal Projects/Tutorial2/Content/SoulCity/Environment/Meshes/Building_Slum/SM_Slums_Pipe_02b_OP.uasset" 321
"C:/Users/itrue/Documents/Unreal Projects/Tutorial2/Content/SoulCity/Environment/Meshes/Building_Slum/SM_Slums_Pipe_02c_OP.uasset" 322
"C:/Users/itrue/Documents/Unreal Projects/Tutorial2/Content/SoulCity/Environment/Meshes/Building_Slum/SM_Slums_Pipe_05a.uasset" 323
"C:/Users/itrue/Documents/Unreal Projects/Tutorial2/Content/SoulCity/Environment/Meshes/Building_Slum/SM_Slums_Pipe_05c_LOD01.uasset" 324
"C:/Users/itrue/Documents/Unreal Projects/Tutorial2/Content/SoulCity/Environment/Meshes/Building_Slum/SM_Slums_Pipe_05c_LOD02.uasset" 325
"C:/Users/itrue/Documents/Unreal Projects/Tutorial2/Content/SoulCity/Environment/Meshes/Building_Slum/SM_Slums_Pipe_05d.uasset" 326
"C:/Users/itrue/Documents/Unreal Projects/Tutorial2/Content/SoulCity/Environment/Meshes/Building_Slum/SM_Slums_Pipe_05f.uasset" 327
"C:/Users/itrue/Documents/Unreal Projects/Tutorial2/Content/SoulCity/Environment/Meshes/Building_Slum/SM_Slums_Scaffolding_02a.uasset" 328
"C:/Users/itrue/Documents/Unreal Projects/Tutorial2/Content/SoulCity/Environment/Textures/Building/T_Slums_Signs_N.uasset" 329
"C:/Users/itrue/Documents/Unreal Projects/Tutorial2/Content/SoulCity/Environment/Textures/Building/T_Slums_Signs_D.uasset" 330
"C:/Users/itrue/Documents/Unreal Projects/Tutorial2/Content/SoulCity/Environment/Textures/Building/T_Slums_Signs_M.uasset" 331
"C:/Users/itrue/Documents/Unreal Projects/Tutorial2/Content/SoulCity/Environment/Materials/Building/M_Signs.uasset" 332
"C:/Users/itrue/Documents/Unreal Projects/Tutorial2/Content/SoulCity/Environment/Meshes/Building_Slum/SM_Slums_Sign06a.uasset" 333
"C:/Users/itrue/Documents/Unreal Projects/Tutorial2/Content/SoulCity/Environment/Meshes/Building_Slum/SM_Slums_Sign06a_opt.uasset" 334
"C:/Users/itrue/Documents/Unreal Projects/Tutorial2/Content/SoulCity/Environment/Textures/Building/T_Slums_Trashcan_N.uasset" 335
"C:/Users/itrue/Documents/Unreal Projects/Tutorial2/Content/SoulCity/Environment/Textures/Building/T_Slums_Trashcan_D.uasset" 336
"C:/Users/itrue/Documents/Unreal Projects/Tutorial2/Content/SoulCity/Environment/Materials/Building/M_Trashcan.uasset" 337
"C:/Users/itrue/Documents/Unreal Projects/Tutorial2/Content/SoulCity/Environment/Meshes/Building_Slum/SM_Slums_Trashcan_Open01.uasset" 338
"C:/Users/itrue/Documents/Unreal Projects/Tutorial2/Content/SoulCity/Environment/Meshes/Building_Slum/SM_Slums_Vent_02e_OP.uasset" 339
"C:/Users/itrue/Documents/Unreal Projects/Tutorial2/Content/SoulCity/Environment/Meshes/Building_Slum/SM_Slums_Wall_01e.uasset" 340
"C:/Users/itrue/Documents/Unreal Projects/Tutorial2/Content/SoulCity/Environment/Meshes/Building_Slum/SM_Slums_Wall_02g.uasset" 341
"C:/Users/itrue/Documents/Unreal Projects/Tutorial2/Content/SoulCity/Environment/Meshes/Building_Slum/SM_Slums_Wall_02i.uasset" 342
"C:/Users/itrue/Documents/Unreal Projects/Tutorial2/Content/SoulCity/Environment/Meshes/Building_Slum/SM_Slums_Wall_03a.uasset" 343
"C:/Users/itrue/Documents/Unreal Projects/Tutorial2/Content/SoulCity/Environment/Materials/Building/MI_Slums_Concrete_002.uasset" 344
"C:/Users/itrue/Documents/Unreal Projects/Tutorial2/Content/SoulCity/Environment/Meshes/Building_Slum/SM_Slums_Wall_Tile_Board.uasset" 345
"C:/Users/itrue/Documents/Unreal Projects/Tutorial2/Content/SoulCity/Environment/Materials/Building/MI_Slums_Metalwork_PipeA.uasset" 346
"C:/Users/itrue/Documents/Unreal Projects/Tutorial2/Content/SoulCity/Environment/Meshes/Building_Slum/SM_Slums_Window_02a_Rail.uasset" 347
"C:/Users/itrue/Documents/Unreal Projects/Tutorial2/Content/SoulCity/Environment/Materials/Building/M_Emissive.uasset" 348
"C:/Users/itrue/Documents/Unreal Projects/Tutorial2/Content/SoulCity/Environment/Materials/Building/MI_Slums_Concrete__Tiles03.uasset" 349
"C:/Users/itrue/Documents/Unreal Projects/Tutorial2/Content/SoulCity/Environment/Materials/Building/MI_Slums_Metalwork_Shiny_Vent.uasset" 350
"C:/Users/itrue/Documents/Unreal Projects/Tutorial2/Content/SoulCity/Environment/Materials/Building/MI_Slums_Metalwork_Wet.uasset" 351
"C:/Users/itrue/Documents/Unreal Projects/Tutorial2/Content/SoulCity/Environment/Meshes/Building_Slum/SM_Streetlight.uasset" 352
"C:/Users/itrue/Documents/Unreal Projects/Tutorial2/Content/SoulCity/Environment/Textures/Building_Slum/T_COG_Underground_Bricks_01_D.uasset" 353
"C:/Users/itrue/Documents/Unreal Projects/Tutorial2/Content/SoulCity/Environment/Textures/Building_Slum/T_COG_Underground_Bricks_01_M.uasset" 354
"C:/Users/itrue/Documents/Unreal Projects/Tutorial2/Content/SoulCity/Environment/Textures/Building_Slum/T_COG_Underground_Bricks_01_N.uasset" 355
"C:/Users/itrue/Documents/Unreal Projects/Tutorial2/Content/SoulCity/Environment/Materials/Functions/MF_COG_Underground_Brick_01.uasset" 356
"C:/Users/itrue/Documents/Unreal Projects/Tutorial2/Content/SoulCity/Environment/Materials/Building/M_COG_Underground_Brick01.uasset" 357
"C:/Users/itrue/Documents/Unreal Projects/Tutorial2/Content/SoulCity/Environment/Meshes/Merged/SM_OutdoorEnt_Unified__02Opt.uasset" 358
"C:/Users/itrue/Documents/Unreal Projects/Tutorial2/Content/SoulCity/Environment/Meshes/Merged/SM_Unified_01_Opt.uasset" 359
"C:/Users/itrue/Documents/Unreal Projects/Tutorial2/Content/SoulCity/Environment/Meshes/Merged/SM_Unified_02_Opt.uasset" 360
"C:/Users/itrue/Documents/Unreal Projects/Tutorial2/Content/SoulCity/Environment/Meshes/Merged/SM_Unified_04_Opt.uasset" 361
"C:/Users/itrue/Documents/Unreal Projects/Tutorial2/Content/SoulCity/Environment/Meshes/Merged/SM_Unified_06_Opt.uasset" 362
"C:/Users/itrue/Documents/Unreal Projects/Tutorial2/Content/SoulCity/Environment/Meshes/Merged/SM_Unified_10_opt.uasset" 363
"C:/Users/itrue/Documents/Unreal Projects/Tutorial2/Content/SoulCity/Environment/Meshes/Merged/SM_Unified_13_opt.uasset" 364
"C:/Users/itrue/Documents/Unreal Projects/Tutorial2/Content/SoulCity/Environment/Meshes/Merged/SM_Unified_34_Opt.uasset" 365
"C:/Users/itrue/Documents/Unreal Projects/Tutorial2/Content/SoulCity/Environment/Materials/Building/MI_LODShantyTown_02.uasset" 366
"C:/Users/itrue/Documents/Unreal Projects/Tutorial2/Content/SoulCity/Environment/Meshes/Merged/SM_Unified_35_Opt.uasset" 367
"C:/Users/itrue/Documents/Unreal Projects/Tutorial2/Content/SoulCity/Environment/Meshes/Merged/SM_Unified_37_Opt.uasset" 368
"C:/Users/itrue/Documents/Unreal Projects/Tutorial2/Content/Maps/FinalMap.umap" 369
"../../../Engine/Content/Maps/Entry_BuiltData.uasset" 370
"../../../Engine/Content/Maps/Entry.umap" 371
